[{"line":1,"elements":[{"start_timestamp":"2022-10-28T15:00:36.495Z","before":[{"result":{"error_message":"java.lang.IllegalStateException: The driver executable does not exist: C:\\Users\\Windows 10\\IdeaProjects\\JcCucumber\\src\\main\\resources\\drivers\\chromedriver\r\n\tat com.google.common.base.Preconditions.checkState(Preconditions.java:585)\r\n\tat org.openqa.selenium.remote.service.DriverService.checkExecutable(DriverService.java:146)\r\n\tat org.openqa.selenium.remote.service.DriverService.findExecutable(DriverService.java:141)\r\n\tat org.openqa.selenium.chrome.ChromeDriverService.access$000(ChromeDriverService.java:35)\r\n\tat org.openqa.selenium.chrome.ChromeDriverService$Builder.findDefaultExecutable(ChromeDriverService.java:159)\r\n\tat org.openqa.selenium.remote.service.DriverService$Builder.build(DriverService.java:355)\r\n\tat org.openqa.selenium.chrome.ChromeDriverService.createDefaultService(ChromeDriverService.java:94)\r\n\tat org.openqa.selenium.chrome.ChromeDriver.<init>(ChromeDriver.java:157)\r\n\tat org.example.driver.strategies.ChromeHeadles.setStrategy(ChromeHeadles.java:17)\r\n\tat org.example.driver.DriverSingleton.instantiate(DriverSingleton.java:24)\r\n\tat org.example.driver.DriverSingleton.<init>(DriverSingleton.java:19)\r\n\tat org.example.driver.DriverSingleton.getInstance(DriverSingleton.java:33)\r\n\tat com.juaracoding.cucumber.Hooks.setUp(Hooks.java:28)\r\n","duration":504714200,"status":"failed"},"match":{"location":"com.juaracoding.cucumber.Hooks.setUp()"}}],"line":3,"name":"User invalid login","description":"","id":"login-user;user-invalid-login","after":[{"result":{"duration":572673600,"status":"passed"},"match":{"location":"com.juaracoding.cucumber.Hooks.closeObject()"}}],"type":"scenario","keyword":"Scenario","steps":[{"result":{"duration":998900,"status":"skipped"},"line":4,"name":"User go to Web HRM","match":{"location":"com.juaracoding.cucumber.TestLogin.user_go_to_Web_HRM()"},"keyword":"When "},{"result":{"duration":7994900,"status":"skipped"},"line":5,"name":"User enter username password invalid","match":{"location":"com.juaracoding.cucumber.TestLogin.user_enter_username_password_invalid()"},"keyword":"And "},{"result":{"status":"skipped"},"line":6,"name":"User click button login","match":{"location":"com.juaracoding.cucumber.TestLogin.user_click_button_login()"},"keyword":"And "},{"result":{"duration":1000000,"status":"skipped"},"line":7,"name":"User invalid credentials","match":{"location":"com.juaracoding.cucumber.TestLogin.user_invalid_credentials()"},"keyword":"Then "}]},{"start_timestamp":"2022-10-28T15:00:37.632Z","before":[{"result":{"error_message":"java.lang.IllegalStateException: The driver executable does not exist: C:\\Users\\Windows 10\\IdeaProjects\\JcCucumber\\src\\main\\resources\\drivers\\chromedriver\r\n\tat com.google.common.base.Preconditions.checkState(Preconditions.java:585)\r\n\tat org.openqa.selenium.remote.service.DriverService.checkExecutable(DriverService.java:146)\r\n\tat org.openqa.selenium.remote.service.DriverService.findExecutable(DriverService.java:141)\r\n\tat org.openqa.selenium.chrome.ChromeDriverService.access$000(ChromeDriverService.java:35)\r\n\tat org.openqa.selenium.chrome.ChromeDriverService$Builder.findDefaultExecutable(ChromeDriverService.java:159)\r\n\tat org.openqa.selenium.remote.service.DriverService$Builder.build(DriverService.java:355)\r\n\tat org.openqa.selenium.chrome.ChromeDriverService.createDefaultService(ChromeDriverService.java:94)\r\n\tat org.openqa.selenium.chrome.ChromeDriver.<init>(ChromeDriver.java:157)\r\n\tat org.example.driver.strategies.ChromeHeadles.setStrategy(ChromeHeadles.java:17)\r\n\tat org.example.driver.DriverSingleton.instantiate(DriverSingleton.java:24)\r\n\tat org.example.driver.DriverSingleton.<init>(DriverSingleton.java:19)\r\n\tat org.example.driver.DriverSingleton.getInstance(DriverSingleton.java:33)\r\n\tat com.juaracoding.cucumber.Hooks.setUp(Hooks.java:28)\r\n","duration":6994800,"status":"failed"},"match":{"location":"com.juaracoding.cucumber.Hooks.setUp()"}}],"line":9,"name":"User valid login","description":"","id":"login-user;user-valid-login","after":[{"result":{"duration":120931700,"status":"passed"},"match":{"location":"com.juaracoding.cucumber.Hooks.closeObject()"}}],"type":"scenario","keyword":"Scenario","steps":[{"result":{"status":"skipped"},"line":10,"name":"User enter username password valid","match":{"location":"com.juaracoding.cucumber.TestLogin.user_enter_username_password_valid()"},"keyword":"When "},{"result":{"duration":999600,"status":"skipped"},"line":11,"name":"User click button login valid","match":{"location":"com.juaracoding.cucumber.TestLogin.user_click_button_login_valid()"},"keyword":"And "},{"result":{"status":"skipped"},"line":12,"name":"User valid credentials","match":{"location":"com.juaracoding.cucumber.TestLogin.user_valid_credentials()"},"keyword":"Then "}]}],"name":"Login User","description":"","id":"login-user","keyword":"Feature","uri":"file:src/main/resources/features/01.Login.feature","tags":[]},{"line":1,"elements":[{"start_timestamp":"2022-10-28T15:00:37.857Z","before":[{"result":{"error_message":"java.lang.IllegalStateException: The driver executable does not exist: C:\\Users\\Windows 10\\IdeaProjects\\JcCucumber\\src\\main\\resources\\drivers\\chromedriver\r\n\tat com.google.common.base.Preconditions.checkState(Preconditions.java:585)\r\n\tat org.openqa.selenium.remote.service.DriverService.checkExecutable(DriverService.java:146)\r\n\tat org.openqa.selenium.remote.service.DriverService.findExecutable(DriverService.java:141)\r\n\tat org.openqa.selenium.chrome.ChromeDriverService.access$000(ChromeDriverService.java:35)\r\n\tat org.openqa.selenium.chrome.ChromeDriverService$Builder.findDefaultExecutable(ChromeDriverService.java:159)\r\n\tat org.openqa.selenium.remote.service.DriverService$Builder.build(DriverService.java:355)\r\n\tat org.openqa.selenium.chrome.ChromeDriverService.createDefaultService(ChromeDriverService.java:94)\r\n\tat org.openqa.selenium.chrome.ChromeDriver.<init>(ChromeDriver.java:157)\r\n\tat org.example.driver.strategies.ChromeHeadles.setStrategy(ChromeHeadles.java:17)\r\n\tat org.example.driver.DriverSingleton.instantiate(DriverSingleton.java:24)\r\n\tat org.example.driver.DriverSingleton.<init>(DriverSingleton.java:19)\r\n\tat org.example.driver.DriverSingleton.getInstance(DriverSingleton.java:33)\r\n\tat com.juaracoding.cucumber.Hooks.setUp(Hooks.java:28)\r\n","duration":8995600,"status":"failed"},"match":{"location":"com.juaracoding.cucumber.Hooks.setUp()"}}],"line":3,"name":"Dashboard user function","description":"","id":"dashboard-user;dashboard-user-function","after":[{"result":{"duration":42975800,"status":"passed"},"match":{"location":"com.juaracoding.cucumber.Hooks.closeObject()"}}],"type":"scenario","keyword":"Scenario","steps":[{"result":{"status":"skipped"},"line":4,"name":"User click menu Dashboard","match":{"location":"com.juaracoding.cucumber.TestDashboard.user_click_menu_dashboard()"},"keyword":"When "},{"result":{"duration":4996600,"status":"skipped"},"line":5,"name":"User on menu Dashboard","match":{"location":"com.juaracoding.cucumber.TestDashboard.user_on_menu_dashboard()"},"keyword":"Then "}]}],"name":"Dashboard User","description":"","id":"dashboard-user","keyword":"Feature","uri":"file:src/main/resources/features/02.Dashboard.feature","tags":[]},{"line":1,"elements":[{"start_timestamp":"2022-10-28T15:00:40.946Z","line":2,"name":"Failure while executing Cucumber","description":"","id":"failure;failure-while-executing-cucumber","type":"scenario","keyword":"Scenario","steps":[{"result":{"duration":0,"status":"passed"},"line":3,"name":"Cucumber failed while executing","match":{"arguments":[],"location":"io.cucumber.core.Failure.failure_while_executing_cucumber()"},"keyword":"When "},{"result":{"duration":0,"error_message":"java.lang.NullPointerException\r\n\tat org.example.driver.DriverSingleton.closeObjectInstance(DriverSingleton.java:45)\r\n\tat com.juaracoding.cucumber.Hooks.closeBrowser(Hooks.java:44)\r\n","status":"failed"},"line":4,"name":"Cucumber will report this error:","match":{"arguments":[],"location":"io.cucumber.core.Failure.cucumber_reports_this_error()"},"keyword":"Then "}]}],"name":"Test run failed","description":"There were errors during the execution","id":"failure","keyword":"Feature","uri":"classpath:io/cucumber/core/failure.feature","tags":[]}]